This is pdfTeX, Version 3.14159265-2.6-1.40.21 (MiKTeX 20.11) (preloaded format=pdflatex 2020.11.9)  5 OCT 2021 22:01
entering extended mode
**./Project1.tex
(Project1.tex
LaTeX2e <2020-10-01> patch level 2
L3 programming layer <2020-10-27> xparse <2020-03-03>
(C:\Users\espen\AppData\Local\Programs\MiKTeX\tex/latex/base\article.cls
Document Class: article 2020/04/10 v1.4m Standard LaTeX document class
(C:\Users\espen\AppData\Local\Programs\MiKTeX\tex/latex/base\size12.clo
File: size12.clo 2020/04/10 v1.4m Standard LaTeX file (size option)
)
\c@part=\count175
\c@section=\count176
\c@subsection=\count177
\c@subsubsection=\count178
\c@paragraph=\count179
\c@subparagraph=\count180
\c@figure=\count181
\c@table=\count182
\abovecaptionskip=\skip47
\belowcaptionskip=\skip48
\bibindent=\dimen138
)
(C:\Users\espen\AppData\Local\Programs\MiKTeX\tex/latex/base\inputenc.sty
Package: inputenc 2020/08/01 v1.3d Input encoding file
\inpenc@prehook=\toks15
\inpenc@posthook=\toks16
)
(C:\Users\espen\AppData\Local\Programs\MiKTeX\tex/latex/graphics\graphicx.sty
Package: graphicx 2020/09/09 v1.2b Enhanced LaTeX Graphics (DPC,SPQR)

(C:\Users\espen\AppData\Local\Programs\MiKTeX\tex/latex/graphics\keyval.sty
Package: keyval 2014/10/28 v1.15 key=value parser (DPC)
\KV@toks@=\toks17
)
(C:\Users\espen\AppData\Local\Programs\MiKTeX\tex/latex/graphics\graphics.sty
Package: graphics 2020/08/30 v1.4c Standard LaTeX Graphics (DPC,SPQR)

(C:\Users\espen\AppData\Local\Programs\MiKTeX\tex/latex/graphics\trig.sty
Package: trig 2016/01/03 v1.10 sin cos tan (DPC)
)
(C:\Users\espen\AppData\Local\Programs\MiKTeX\tex/latex/graphics-cfg\graphics.c
fg
File: graphics.cfg 2016/06/04 v1.11 sample graphics configuration
)
Package graphics Info: Driver file: pdftex.def on input line 105.

(C:\Users\espen\AppData\Local\Programs\MiKTeX\tex/latex/graphics-def\pdftex.def
File: pdftex.def 2020/10/05 v1.2a Graphics/color driver for pdftex
))
\Gin@req@height=\dimen139
\Gin@req@width=\dimen140
)
(C:\Users\espen\AppData\Local\Programs\MiKTeX\tex/latex/l3backend\l3backend-pdf
tex.def
File: l3backend-pdftex.def 2020-09-24 L3 backend support: PDF output (pdfTeX)
\l__kernel_color_stack_int=\count183
\l__pdf_internal_box=\box47
) (Project1.aux)
\openout1 = `Project1.aux'.

LaTeX Font Info:    Checking defaults for OML/cmm/m/it on input line 4.
LaTeX Font Info:    ... okay on input line 4.
LaTeX Font Info:    Checking defaults for OMS/cmsy/m/n on input line 4.
LaTeX Font Info:    ... okay on input line 4.
LaTeX Font Info:    Checking defaults for OT1/cmr/m/n on input line 4.
LaTeX Font Info:    ... okay on input line 4.
LaTeX Font Info:    Checking defaults for T1/cmr/m/n on input line 4.
LaTeX Font Info:    ... okay on input line 4.
LaTeX Font Info:    Checking defaults for TS1/cmr/m/n on input line 4.
LaTeX Font Info:    ... okay on input line 4.
LaTeX Font Info:    Checking defaults for OMX/cmex/m/n on input line 4.
LaTeX Font Info:    ... okay on input line 4.
LaTeX Font Info:    Checking defaults for U/cmr/m/n on input line 4.
LaTeX Font Info:    ... okay on input line 4.

(C:\Users\espen\AppData\Local\Programs\MiKTeX\tex/context/base/mkii\supp-pdf.mk
ii
[Loading MPS to PDF converter (version 2006.09.02).]
\scratchcounter=\count184
\scratchdimen=\dimen141
\scratchbox=\box48
\nofMPsegments=\count185
\nofMParguments=\count186
\everyMPshowfont=\toks18
\MPscratchCnt=\count187
\MPscratchDim=\dimen142
\MPnumerator=\count188
\makeMPintoPDFobject=\count189
\everyMPtoPDFconversion=\toks19
)
(C:\Users\espen\AppData\Local\Programs\MiKTeX\tex/latex/epstopdf-pkg\epstopdf-b
ase.sty
Package: epstopdf-base 2020-01-24 v2.11 Base part for package epstopdf
Package epstopdf-base Info: Redefining graphics rule for `.eps' on input line 4
85.
)
LaTeX Font Info:    External font `cmex10' loaded for size
(Font)              <14.4> on input line 8.
LaTeX Font Info:    External font `cmex10' loaded for size
(Font)              <7> on input line 8.

Underfull \hbox (badness 10000) in paragraph at lines 9--24

 []


Underfull \hbox (badness 10000) in paragraph at lines 9--24

 []


Underfull \hbox (badness 10000) in paragraph at lines 9--24

 []


Underfull \hbox (badness 10000) in paragraph at lines 9--24

 []


Underfull \hbox (badness 10000) in paragraph at lines 9--24

 []

[1

{C:/Users/espen/AppData/Local/MiKTeX/pdftex/config/pdftex.map}]
LaTeX Font Info:    External font `cmex10' loaded for size
(Font)              <12> on input line 44.
LaTeX Font Info:    External font `cmex10' loaded for size
(Font)              <8> on input line 44.
LaTeX Font Info:    External font `cmex10' loaded for size
(Font)              <6> on input line 44.
<glcm1.png, id=7, 1053.9375pt x 790.45313pt>
File: glcm1.png Graphic file (type png)
<use glcm1.png>
Package pdftex.def Info: glcm1.png  used on input line 47.
(pdftex.def)             Requested size: 421.56754pt x 316.17564pt.
<glcm2.png, id=8, 1053.9375pt x 790.45313pt>
File: glcm2.png Graphic file (type png)
<use glcm2.png>
Package pdftex.def Info: glcm2.png  used on input line 49.
(pdftex.def)             Requested size: 421.56754pt x 316.17564pt.
<glcm3.png, id=9, 1053.9375pt x 790.45313pt>
File: glcm3.png Graphic file (type png)
<use glcm3.png>
Package pdftex.def Info: glcm3.png  used on input line 51.
(pdftex.def)             Requested size: 421.56754pt x 316.17564pt.
<glcm4.png, id=10, 1053.9375pt x 790.45313pt>
File: glcm4.png Graphic file (type png)
<use glcm4.png>
Package pdftex.def Info: glcm4.png  used on input line 53.
(pdftex.def)             Requested size: 421.56754pt x 316.17564pt.
<glcm5.png, id=11, 1053.9375pt x 790.45313pt>
File: glcm5.png Graphic file (type png)
<use glcm5.png>
Package pdftex.def Info: glcm5.png  used on input line 55.
(pdftex.def)             Requested size: 421.56754pt x 316.17564pt.
<glcm6.png, id=12, 1053.9375pt x 790.45313pt>
File: glcm6.png Graphic file (type png)
<use glcm6.png>
Package pdftex.def Info: glcm6.png  used on input line 57.
(pdftex.def)             Requested size: 421.56754pt x 316.17564pt.
<glcm7.png, id=13, 1053.9375pt x 790.45313pt>
File: glcm7.png Graphic file (type png)
<use glcm7.png>
Package pdftex.def Info: glcm7.png  used on input line 59.
(pdftex.def)             Requested size: 421.56754pt x 316.17564pt.
<glcm8.png, id=14, 1053.9375pt x 790.45313pt>
File: glcm8.png Graphic file (type png)
<use glcm8.png>
Package pdftex.def Info: glcm8.png  used on input line 61.
(pdftex.def)             Requested size: 421.56754pt x 316.17564pt.

Underfull \hbox (badness 10000) in paragraph at lines 25--63

 []


Underfull \hbox (badness 10000) in paragraph at lines 25--63

 []


Underfull \hbox (badness 10000) in paragraph at lines 25--63

 []


Underfull \hbox (badness 10000) in paragraph at lines 25--63

 []


Underfull \hbox (badness 10000) in paragraph at lines 25--63

 []


Underfull \hbox (badness 10000) in paragraph at lines 25--63

 []


Underfull \hbox (badness 10000) in paragraph at lines 25--63

 []


Underfull \hbox (badness 10000) in paragraph at lines 25--63

 []


Underfull \hbox (badness 10000) in paragraph at lines 25--63

 []


Overfull \hbox (31.56754pt too wide) in paragraph at lines 25--63
[]
 []


Underfull \hbox (badness 10000) in paragraph at lines 25--63

 []


Overfull \hbox (31.56754pt too wide) in paragraph at lines 25--63
[]
 []


Underfull \hbox (badness 10000) in paragraph at lines 25--63

 []


Overfull \hbox (31.56754pt too wide) in paragraph at lines 25--63
[]
 []


Underfull \hbox (badness 10000) in paragraph at lines 25--63

 []


Overfull \hbox (31.56754pt too wide) in paragraph at lines 25--63
[]
 []


Underfull \hbox (badness 10000) in paragraph at lines 25--63

 []


Overfull \hbox (31.56754pt too wide) in paragraph at lines 25--63
[]
 []


Underfull \hbox (badness 10000) in paragraph at lines 25--63

 []


Overfull \hbox (31.56754pt too wide) in paragraph at lines 25--63
[]
 []


Underfull \hbox (badness 10000) in paragraph at lines 25--63

 []


Overfull \hbox (31.56754pt too wide) in paragraph at lines 25--63
[]
 []


Underfull \hbox (badness 10000) in paragraph at lines 25--63

 []


Overfull \hbox (31.56754pt too wide) in paragraph at lines 25--63
[]
 []


Underfull \hbox (badness 10000) in paragraph at lines 25--63

 []


Underfull \hbox (badness 10000) in paragraph at lines 25--63

 []


Underfull \vbox (badness 10000) has occurred while \output is active []

 [2]
Underfull \vbox (badness 10000) has occurred while \output is active []

 [3 <./glcm1.png (PNG copy)>]
Underfull \vbox (badness 10000) has occurred while \output is active []

 [4 <./glcm2.png (PNG copy)>]
Underfull \vbox (badness 10000) has occurred while \output is active []

 [5 <./glcm3.png (PNG copy)>]
Underfull \vbox (badness 10000) has occurred while \output is active []

 [6 <./glcm4.png (PNG copy)>]
Underfull \vbox (badness 10000) has occurred while \output is active []

 [7 <./glcm5.png (PNG copy)>]
Underfull \vbox (badness 10000) has occurred while \output is active []

 [8 <./glcm6.png (PNG copy)>]
Underfull \vbox (badness 10000) has occurred while \output is active []

 [9 <./glcm7.png (PNG copy)>] [10 <./glcm8.png (PNG copy)>] (Project1.aux) ) 
Here is how much of TeX's memory you used:
 1253 strings out of 479799
 19297 string characters out of 2869723
 287908 words of memory out of 3000000
 18274 multiletter control sequences out of 15000+200000
 539036 words of font info for 42 fonts, out of 3000000 for 9000
 1141 hyphenation exceptions out of 8191
 66i,6n,72p,350b,191s stack positions out of 5000i,500n,10000p,200000b,50000s
<C:
/Users/espen/AppData/Local/Programs/MiKTeX/fonts/type1/public/amsfonts/cm/cmmi1
2.pfb><C:/Users/espen/AppData/Local/Programs/MiKTeX/fonts/type1/public/amsfonts
/cm/cmr12.pfb><C:/Users/espen/AppData/Local/Programs/MiKTeX/fonts/type1/public/
amsfonts/cm/cmr17.pfb>
Output written on Project1.pdf (10 pages, 615382 bytes).
PDF statistics:
 55 PDF objects out of 1000 (max. 8388607)
 0 named destinations out of 1000 (max. 500000)
 41 words of extra memory for PDF output out of 10000 (max. 10000000)

